<?xml version="1.0" encoding="UTF-8"?>
<!-- Generated by org.testng.reporters.JUnitXMLReporter -->
<testsuite ignored="0" hostname="Mez_Laptop" failures="0" tests="3" name="Surefire test" time="19.467" errors="0" timestamp="2024-08-12T23:41:35 EDT">
  <testcase classname="tutorialsNinja.TestCases.CheckoutTest" name="searchValidProduct" time="2.379"/>
  <testcase classname="tutorialsNinja.TestCases.LoginTest" name="loginWithValidCredentials" time="1.237"/>
  <testcase classname="tutorialsNinja.TestCases.RegisterTest" name="verifyRegisterWithAllDetails" time="1.164"/>
</testsuite> <!-- Surefire test -->
