<?xml version="1.0" encoding="UTF-8"?>
<!-- Generated by org.testng.reporters.JUnitXMLReporter -->
<testsuite ignored="0" hostname="Mez_Laptop" failures="0" tests="3" name="Surefire test" time="22.695" errors="0" timestamp="2024-08-13T22:30:20 EDT">
  <testcase classname="tutorialsNinja.TestCases.CheckoutTest" name="searchValidProduct" time="3.033"/>
  <testcase classname="tutorialsNinja.TestCases.LoginTest" name="loginWithValidCredentials" time="1.45"/>
  <testcase classname="tutorialsNinja.TestCases.RegisterTest" name="verifyRegisterWithAllDetails" time="1.111"/>
</testsuite> <!-- Surefire test -->
