<?xml version="1.0" encoding="UTF-8"?>
<!-- Generated by org.testng.reporters.JUnitXMLReporter -->
<testsuite ignored="0" hostname="Mez_Laptop" failures="0" tests="3" name="Test" time="19.09" errors="0" timestamp="2024-08-12T23:07:24 EDT">
  <testcase classname="tutorialsNinja.TestCases.RegisterTest" name="verifyRegisterWithAllDetails" time="0.993"/>
  <testcase classname="tutorialsNinja.TestCases.CheckoutTest" name="searchValidProduct" time="2.955"/>
  <testcase classname="tutorialsNinja.TestCases.LoginTest" name="loginWithValidCredentials" time="1.201"/>
</testsuite> <!-- Test -->
