<?xml version="1.0" encoding="UTF-8"?>
<testng-results ignored="0" total="3" passed="3" failed="0" skipped="0">
  <reporter-output>
  </reporter-output>
  <suite started-at="2024-08-13T22:29:57 EDT" name="Surefire suite" finished-at="2024-08-13T22:30:20 EDT" duration-ms="22695">
    <groups>
    </groups>
    <test started-at="2024-08-13T22:29:57 EDT" name="Surefire test" finished-at="2024-08-13T22:30:20 EDT" duration-ms="22695">
      <class name="tutorialsNinja.TestCases.RegisterTest">
        <test-method is-config="true" signature="registerSetUp()[pri:0, instance:tutorialsNinja.TestCases.RegisterTest@22635ba0]" started-at="2024-08-13T22:30:13 EDT" name="registerSetUp" finished-at="2024-08-13T22:30:19 EDT" duration-ms="6039" status="PASS">
          <reporter-output>
          </reporter-output>
        </test-method> <!-- registerSetUp -->
        <test-method signature="verifyRegisterWithAllDetails()[pri:1, instance:tutorialsNinja.TestCases.RegisterTest@22635ba0]" started-at="2024-08-13T22:30:19 EDT" name="verifyRegisterWithAllDetails" finished-at="2024-08-13T22:30:20 EDT" duration-ms="1111" status="PASS">
          <reporter-output>
          </reporter-output>
        </test-method> <!-- verifyRegisterWithAllDetails -->
        <test-method is-config="true" signature="tearDown()[pri:0, instance:tutorialsNinja.TestCases.RegisterTest@22635ba0]" started-at="2024-08-13T22:30:20 EDT" name="tearDown" finished-at="2024-08-13T22:30:20 EDT" duration-ms="168" status="PASS">
          <reporter-output>
          </reporter-output>
        </test-method> <!-- tearDown -->
      </class> <!-- tutorialsNinja.TestCases.RegisterTest -->
      <class name="tutorialsNinja.TestCases.CheckoutTest">
        <test-method is-config="true" signature="checkoutSetUp()[pri:0, instance:tutorialsNinja.TestCases.CheckoutTest@55a561cf]" started-at="2024-08-13T22:29:57 EDT" name="checkoutSetUp" finished-at="2024-08-13T22:30:01 EDT" duration-ms="4128" status="PASS">
          <reporter-output>
          </reporter-output>
        </test-method> <!-- checkoutSetUp -->
        <test-method signature="searchValidProduct()[pri:1, instance:tutorialsNinja.TestCases.CheckoutTest@55a561cf]" started-at="2024-08-13T22:30:01 EDT" name="searchValidProduct" finished-at="2024-08-13T22:30:04 EDT" duration-ms="3033" status="PASS">
          <reporter-output>
          </reporter-output>
        </test-method> <!-- searchValidProduct -->
        <test-method is-config="true" signature="tearDown()[pri:0, instance:tutorialsNinja.TestCases.CheckoutTest@55a561cf]" started-at="2024-08-13T22:30:04 EDT" name="tearDown" finished-at="2024-08-13T22:30:05 EDT" duration-ms="194" status="PASS">
          <reporter-output>
          </reporter-output>
        </test-method> <!-- tearDown -->
      </class> <!-- tutorialsNinja.TestCases.CheckoutTest -->
      <class name="tutorialsNinja.TestCases.LoginTest">
        <test-method is-config="true" signature="loginSetUp()[pri:0, instance:tutorialsNinja.TestCases.LoginTest@1df82230]" started-at="2024-08-13T22:30:05 EDT" name="loginSetUp" finished-at="2024-08-13T22:30:11 EDT" duration-ms="6303" status="PASS">
          <reporter-output>
          </reporter-output>
        </test-method> <!-- loginSetUp -->
        <test-method signature="loginWithValidCredentials()[pri:1, instance:tutorialsNinja.TestCases.LoginTest@1df82230]" started-at="2024-08-13T22:30:11 EDT" name="loginWithValidCredentials" finished-at="2024-08-13T22:30:12 EDT" duration-ms="1450" status="PASS">
          <reporter-output>
          </reporter-output>
        </test-method> <!-- loginWithValidCredentials -->
        <test-method is-config="true" signature="tearDown()[pri:0, instance:tutorialsNinja.TestCases.LoginTest@1df82230]" started-at="2024-08-13T22:30:12 EDT" name="tearDown" finished-at="2024-08-13T22:30:13 EDT" duration-ms="218" status="PASS">
          <reporter-output>
          </reporter-output>
        </test-method> <!-- tearDown -->
      </class> <!-- tutorialsNinja.TestCases.LoginTest -->
    </test> <!-- Surefire test -->
  </suite> <!-- Surefire suite -->
</testng-results>
