<?xml version="1.0" encoding="UTF-8"?>
<testng-results ignored="0" total="3" passed="3" failed="0" skipped="0">
  <reporter-output>
  </reporter-output>
  <suite started-at="2024-08-12T23:41:16 EDT" name="Surefire suite" finished-at="2024-08-12T23:41:35 EDT" duration-ms="19467">
    <groups>
    </groups>
    <test started-at="2024-08-12T23:41:16 EDT" name="Surefire test" finished-at="2024-08-12T23:41:35 EDT" duration-ms="19467">
      <class name="tutorialsNinja.TestCases.RegisterTest">
        <test-method is-config="true" signature="registerSetUp()[pri:0, instance:tutorialsNinja.TestCases.RegisterTest@22635ba0]" started-at="2024-08-12T23:41:29 EDT" name="registerSetUp" finished-at="2024-08-12T23:41:34 EDT" duration-ms="5046" status="PASS">
          <reporter-output>
          </reporter-output>
        </test-method> <!-- registerSetUp -->
        <test-method signature="verifyRegisterWithAllDetails()[pri:1, instance:tutorialsNinja.TestCases.RegisterTest@22635ba0]" started-at="2024-08-12T23:41:34 EDT" name="verifyRegisterWithAllDetails" finished-at="2024-08-12T23:41:35 EDT" duration-ms="1164" status="PASS">
          <reporter-output>
          </reporter-output>
        </test-method> <!-- verifyRegisterWithAllDetails -->
        <test-method is-config="true" signature="tearDown()[pri:0, instance:tutorialsNinja.TestCases.RegisterTest@22635ba0]" started-at="2024-08-12T23:41:35 EDT" name="tearDown" finished-at="2024-08-12T23:41:35 EDT" duration-ms="243" status="PASS">
          <reporter-output>
          </reporter-output>
        </test-method> <!-- tearDown -->
      </class> <!-- tutorialsNinja.TestCases.RegisterTest -->
      <class name="tutorialsNinja.TestCases.CheckoutTest">
        <test-method is-config="true" signature="checkoutSetUp()[pri:0, instance:tutorialsNinja.TestCases.CheckoutTest@55a561cf]" started-at="2024-08-12T23:41:16 EDT" name="checkoutSetUp" finished-at="2024-08-12T23:41:20 EDT" duration-ms="4300" status="PASS">
          <reporter-output>
          </reporter-output>
        </test-method> <!-- checkoutSetUp -->
        <test-method signature="searchValidProduct()[pri:1, instance:tutorialsNinja.TestCases.CheckoutTest@55a561cf]" started-at="2024-08-12T23:41:20 EDT" name="searchValidProduct" finished-at="2024-08-12T23:41:22 EDT" duration-ms="2379" status="PASS">
          <reporter-output>
          </reporter-output>
        </test-method> <!-- searchValidProduct -->
        <test-method is-config="true" signature="tearDown()[pri:0, instance:tutorialsNinja.TestCases.CheckoutTest@55a561cf]" started-at="2024-08-12T23:41:22 EDT" name="tearDown" finished-at="2024-08-12T23:41:22 EDT" duration-ms="254" status="PASS">
          <reporter-output>
          </reporter-output>
        </test-method> <!-- tearDown -->
      </class> <!-- tutorialsNinja.TestCases.CheckoutTest -->
      <class name="tutorialsNinja.TestCases.LoginTest">
        <test-method is-config="true" signature="loginSetUp()[pri:0, instance:tutorialsNinja.TestCases.LoginTest@1df82230]" started-at="2024-08-12T23:41:22 EDT" name="loginSetUp" finished-at="2024-08-12T23:41:27 EDT" duration-ms="4524" status="PASS">
          <reporter-output>
          </reporter-output>
        </test-method> <!-- loginSetUp -->
        <test-method signature="loginWithValidCredentials()[pri:1, instance:tutorialsNinja.TestCases.LoginTest@1df82230]" started-at="2024-08-12T23:41:27 EDT" name="loginWithValidCredentials" finished-at="2024-08-12T23:41:28 EDT" duration-ms="1237" status="PASS">
          <reporter-output>
          </reporter-output>
        </test-method> <!-- loginWithValidCredentials -->
        <test-method is-config="true" signature="tearDown()[pri:0, instance:tutorialsNinja.TestCases.LoginTest@1df82230]" started-at="2024-08-12T23:41:28 EDT" name="tearDown" finished-at="2024-08-12T23:41:29 EDT" duration-ms="287" status="PASS">
          <reporter-output>
          </reporter-output>
        </test-method> <!-- tearDown -->
      </class> <!-- tutorialsNinja.TestCases.LoginTest -->
    </test> <!-- Surefire test -->
  </suite> <!-- Surefire suite -->
</testng-results>
