<?xml version="1.0" encoding="UTF-8"?>
<testsuite xmlns:xsi="http://www.w3.org/2001/XMLSchema-instance" xsi:noNamespaceSchemaLocation="https://maven.apache.org/surefire/maven-surefire-plugin/xsd/surefire-test-report.xsd" name="TestSuite" time="23.101" tests="3" errors="0" skipped="0" failures="0">
  <properties>
[...]
</properties>
  <testcase name="searchValidProduct" classname="tutorialsNinja.TestCases.CheckoutTest" time="3.043"/>
  <testcase name="loginWithValidCredentials" classname="tutorialsNinja.TestCases.LoginTest" time="1.45"/>
  <testcase name="verifyRegisterWithAllDetails" classname="tutorialsNinja.TestCases.RegisterTest" time="1.111"/>
</testsuite>