<?xml version="1.0" encoding="UTF-8"?>
<testng-results ignored="0" total="3" passed="3" failed="0" skipped="0">
  <reporter-output>
  </reporter-output>
  <suite started-at="2024-08-12T23:07:05 EDT" name="Suite" finished-at="2024-08-12T23:07:24 EDT" duration-ms="19090">
    <groups>
    </groups>
    <test started-at="2024-08-12T23:07:05 EDT" name="Test" finished-at="2024-08-12T23:07:24 EDT" duration-ms="19090">
      <class name="tutorialsNinja.TestCases.RegisterTest">
        <test-method is-config="true" signature="registerSetUp()[pri:0, instance:tutorialsNinja.TestCases.RegisterTest@459e9125]" started-at="2024-08-12T23:07:05 EDT" name="registerSetUp" finished-at="2024-08-12T23:07:10 EDT" duration-ms="5028" status="PASS">
          <reporter-output>
          </reporter-output>
        </test-method> <!-- registerSetUp -->
        <test-method signature="verifyRegisterWithAllDetails()[pri:1, instance:tutorialsNinja.TestCases.RegisterTest@459e9125]" started-at="2024-08-12T23:07:10 EDT" name="verifyRegisterWithAllDetails" finished-at="2024-08-12T23:07:11 EDT" duration-ms="993" status="PASS">
          <reporter-output>
          </reporter-output>
        </test-method> <!-- verifyRegisterWithAllDetails -->
        <test-method is-config="true" signature="tearDown()[pri:0, instance:tutorialsNinja.TestCases.RegisterTest@459e9125]" started-at="2024-08-12T23:07:11 EDT" name="tearDown" finished-at="2024-08-12T23:07:11 EDT" duration-ms="183" status="PASS">
          <reporter-output>
          </reporter-output>
        </test-method> <!-- tearDown -->
      </class> <!-- tutorialsNinja.TestCases.RegisterTest -->
      <class name="tutorialsNinja.TestCases.CheckoutTest">
        <test-method is-config="true" signature="checkoutSetUp()[pri:0, instance:tutorialsNinja.TestCases.CheckoutTest@7c7a06ec]" started-at="2024-08-12T23:07:11 EDT" name="checkoutSetUp" finished-at="2024-08-12T23:07:15 EDT" duration-ms="3862" status="PASS">
          <reporter-output>
          </reporter-output>
        </test-method> <!-- checkoutSetUp -->
        <test-method signature="searchValidProduct()[pri:1, instance:tutorialsNinja.TestCases.CheckoutTest@7c7a06ec]" started-at="2024-08-12T23:07:15 EDT" name="searchValidProduct" finished-at="2024-08-12T23:07:18 EDT" duration-ms="2955" status="PASS">
          <reporter-output>
          </reporter-output>
        </test-method> <!-- searchValidProduct -->
        <test-method is-config="true" signature="tearDown()[pri:0, instance:tutorialsNinja.TestCases.CheckoutTest@7c7a06ec]" started-at="2024-08-12T23:07:18 EDT" name="tearDown" finished-at="2024-08-12T23:07:18 EDT" duration-ms="192" status="PASS">
          <reporter-output>
          </reporter-output>
        </test-method> <!-- tearDown -->
      </class> <!-- tutorialsNinja.TestCases.CheckoutTest -->
      <class name="tutorialsNinja.TestCases.LoginTest">
        <test-method is-config="true" signature="loginSetUp()[pri:0, instance:tutorialsNinja.TestCases.LoginTest@75d4a5c2]" started-at="2024-08-12T23:07:18 EDT" name="loginSetUp" finished-at="2024-08-12T23:07:23 EDT" duration-ms="4391" status="PASS">
          <reporter-output>
          </reporter-output>
        </test-method> <!-- loginSetUp -->
        <test-method signature="loginWithValidCredentials()[pri:1, instance:tutorialsNinja.TestCases.LoginTest@75d4a5c2]" started-at="2024-08-12T23:07:23 EDT" name="loginWithValidCredentials" finished-at="2024-08-12T23:07:24 EDT" duration-ms="1201" status="PASS">
          <reporter-output>
          </reporter-output>
        </test-method> <!-- loginWithValidCredentials -->
        <test-method is-config="true" signature="tearDown()[pri:0, instance:tutorialsNinja.TestCases.LoginTest@75d4a5c2]" started-at="2024-08-12T23:07:24 EDT" name="tearDown" finished-at="2024-08-12T23:07:24 EDT" duration-ms="227" status="PASS">
          <reporter-output>
          </reporter-output>
        </test-method> <!-- tearDown -->
      </class> <!-- tutorialsNinja.TestCases.LoginTest -->
    </test> <!-- Test -->
  </suite> <!-- Suite -->
</testng-results>
