<?xml version="1.0" encoding="UTF-8"?>
<testng-results ignored="0" total="1" passed="1" failed="0" skipped="0">
  <reporter-output>
  </reporter-output>
  <suite started-at="2024-07-31T01:05:43 EST" name="Default suite" finished-at="2024-07-31T01:05:50 EST" duration-ms="7254">
    <groups>
    </groups>
    <test started-at="2024-07-31T01:05:43 EST" name="Default test" finished-at="2024-07-31T01:05:50 EST" duration-ms="7254">
      <class name="tutorialsNinja.TestCases.RegisterTest">
        <test-method is-config="true" signature="registerSetUp()[pri:0, instance:tutorialsNinja.TestCases.RegisterTest@6302bbb1]" started-at="2024-07-31T01:05:43 EST" name="registerSetUp" finished-at="2024-07-31T01:05:49 EST" duration-ms="5956" status="PASS">
          <reporter-output>
          </reporter-output>
        </test-method> <!-- registerSetUp -->
        <test-method signature="verifyRegisterWithAllDetails()[pri:1, instance:tutorialsNinja.TestCases.RegisterTest@6302bbb1]" started-at="2024-07-31T01:05:49 EST" name="verifyRegisterWithAllDetails" finished-at="2024-07-31T01:05:50 EST" duration-ms="1120" status="PASS">
          <reporter-output>
          </reporter-output>
        </test-method> <!-- verifyRegisterWithAllDetails -->
        <test-method is-config="true" signature="tearDown()[pri:0, instance:tutorialsNinja.TestCases.RegisterTest@6302bbb1]" started-at="2024-07-31T01:05:50 EST" name="tearDown" finished-at="2024-07-31T01:05:50 EST" duration-ms="130" status="PASS">
          <reporter-output>
          </reporter-output>
        </test-method> <!-- tearDown -->
      </class> <!-- tutorialsNinja.TestCases.RegisterTest -->
    </test> <!-- Default test -->
  </suite> <!-- Default suite -->
</testng-results>
